[INFO] launch:main:258 - set display language to ko_KR
[WARNING] base:patch_module_params:44 - Found invalid Gemma 4 E4B-it config: precision
[INFO] base:patch_module_params:50 - Found new Gemma 4 E4B-it config: worker timeout
[INFO] base:patch_module_params:50 - Found new Gemma 4 E4B-it config: threads
[INFO] base:patch_module_params:50 - Found new Gemma 4 E4B-it config: worker python
[INFO] base:patch_module_params:50 - Found new Gemma 4 E4B-it config: gpu layers
[INFO] base:patch_module_params:50 - Found new Gemma 4 E4B-it config: context tokens
[INFO] mainwindow:on_finish_settranslator:299 - Translator set to Gemma 4 E4B-it
[INFO] mainwindow:on_finish_setdetector:271 - Text detector set to ctd
[INFO] mainwindow:on_finish_setinpainter:289 - Inpainter set to lama_large_512px
[INFO] mainwindow:on_finish_setocr:280 - OCR set to PaddleOCRVLManga
[INFO] config:save_config:337 - Config saved
[INFO] config:save_config:337 - Config saved
[INFO] module_manager:_imgtrans_pipeline:404 - Processing all 1 pages
[DEBUG] proj_imgtrans:save:345 - project saved to /Volumes/990 PRO/번역/imgtrans_.json
[WARNING] base:set_param_value:177 - Invalid param value  for defined dtype: <class 'int'>
[INFO] config:save_config:337 - Config saved
[INFO] module_manager:_imgtrans_pipeline:404 - Processing all 1 pages
[DEBUG] proj_imgtrans:save:345 - project saved to /Volumes/990 PRO/번역/imgtrans_.json
[DEBUG] proj_imgtrans:save:345 - project saved to /Volumes/990 PRO/번역/imgtrans_.json
[INFO] config:save_config:337 - Config saved
