[INFO] launch:main:258 - set display language to ko_KR
[ERROR] message:create_error_dialog:29 - 'default'
Failed to set module.

[ERROR] message:create_error_dialog:30 - Traceback (most recent call last):
  File "/Volumes/990 PRO/Project Folder/SekaiTranslator2/ui/module_manager.py", line 62, in _set_module
    self.module.load_model()
  File "/Volumes/990 PRO/Project Folder/SekaiTranslator2/modules/base.py", line 233, in load_model
    self._load_model()
  File "/Volumes/990 PRO/Project Folder/SekaiTranslator2/modules/ocr/ocr_paddleVL_manga.py", line 125, in _load_model
    model = AutoModelForCausalLM.from_pretrained(
            ^^^^^^^^^^^^^^^^^^^^^^^^^^^^^^^^^^^^^
  File "/Users/ijaewon/.pyenv/versions/3.11.5/lib/python3.11/site-packages/transformers/models/auto/auto_factory.py", line 380, in from_pretrained
    return model_class.from_pretrained(
           ^^^^^^^^^^^^^^^^^^^^^^^^^^^^
  File "/Users/ijaewon/.pyenv/versions/3.11.5/lib/python3.11/site-packages/transformers/modeling_utils.py", line 4166, in from_pretrained
    model = cls(config, *model_args, **model_kwargs)
            ^^^^^^^^^^^^^^^^^^^^^^^^^^^^^^^^^^^^^^^^
  File "/Users/ijaewon/.cache/huggingface/modules/transformers_modules/PaddleOCR_hyphen_VL_hyphen_For_hyphen_Manga/modeling_paddleocr_vl.py", line 2064, in __init__
    self.model = Ernie4_5Model(config)
                 ^^^^^^^^^^^^^^^^^^^^^
  File "/Users/ijaewon/.cache/huggingface/modules/transformers_modules/PaddleOCR_hyphen_VL_hyphen_For_hyphen_Manga/modeling_paddleocr_vl.py", line 560, in __init__
    self.rotary_emb = RotaryEmbedding(config=config)
                      ^^^^^^^^^^^^^^^^^^^^^^^^^^^^^^
  File "/Users/ijaewon/.cache/huggingface/modules/transformers_modules/PaddleOCR_hyphen_VL_hyphen_For_hyphen_Manga/modeling_paddleocr_vl.py", line 96, in __init__
    self.rope_init_fn = ROPE_INIT_FUNCTIONS[self.rope_type]
                        ~~~~~~~~~~~~~~~~~~~^^^^^^^^^^^^^^^^
KeyError: 'default'

[INFO] mainwindow:on_finish_settranslator:299 - Translator set to Gemma 4 E4B-it
[INFO] message:create_info_dialog:40 - 인페인터 설정 ...
[INFO] config:save_config:337 - Config saved
[INFO] config:save_config:337 - Config saved
[INFO] module_manager:_imgtrans_pipeline:404 - Processing all 1 pages
[INFO] module_manager:stopImgtransPipeline:779 - Stopping image translation pipeline...
